<?xml version="1.0" encoding="UTF-8"?>
<!-- Generated by org.testng.reporters.JUnitReportReporter -->
<testsuite hostname="DESKTOP-D20M2SU" failures="0" tests="1" name="org.shark.boot02.ApplicationTests" time="0.523" errors="0" timestamp="2025-09-16T09:09:56 KST" skipped="0">
  <testcase classname="org.shark.boot02.ApplicationTests" name="boardInsertTest" time="0.523"/>
</testsuite> <!-- org.shark.boot02.ApplicationTests -->
